-------------------------------------------------------------------------------
Test set: de.hsmainz.cs.semgis.arqextension.test.raster.relation.IntersectionTest
-------------------------------------------------------------------------------
Tests run: 3, Failures: 0, Errors: 1, Skipped: 0, Time elapsed: 0.078 sec <<< FAILURE!
testEqualsEmpty(de.hsmainz.cs.semgis.arqextension.test.raster.relation.IntersectionTest)  Time elapsed: 0.05 sec  <<< ERROR!
org.apache.sis.coverage.grid.IncompleteGridGeometryException: Coordinates transform is unspecified.
	at org.apache.sis.coverage.grid.GridGeometry.incomplete(GridGeometry.java:1190)
	at org.apache.sis.coverage.grid.GridGeometry.getGridToCRS(GridGeometry.java:849)
	at org.geotoolkit.coverage.wkb.WKBRasterWriter.write(WKBRasterWriter.java:95)
	at org.geotoolkit.coverage.wkb.WKBRasterWriter.write(WKBRasterWriter.java:76)
	at org.geotoolkit.coverage.wkb.WKBRasterWriter.write(WKBRasterWriter.java:64)
	at io.github.galbiston.geosparql_jena.implementation.datatype.raster.HexWKBRastDatatype.unparse(HexWKBRastDatatype.java:36)
	at io.github.galbiston.geosparql_jena.implementation.datatype.raster.CoverageWrapper.asLiteral(CoverageWrapper.java:410)
	at io.github.galbiston.geosparql_jena.implementation.datatype.raster.CoverageWrapper.asLiteral(CoverageWrapper.java:389)
	at io.github.galbiston.geosparql_jena.implementation.datatype.raster.CoverageWrapper.asNodeValue(CoverageWrapper.java:366)
	at de.hsmainz.cs.semgis.arqextension.util.LiteralUtils.createEmptyRaster(LiteralUtils.java:282)
	at de.hsmainz.cs.semgis.arqextension.raster.relation.RasterIntersection.exec(RasterIntersection.java:48)
	at de.hsmainz.cs.semgis.arqextension.test.raster.relation.IntersectionTest.testEqualsEmpty(IntersectionTest.java:30)
	at java.base/jdk.internal.reflect.NativeMethodAccessorImpl.invoke0(Native Method)
	at java.base/jdk.internal.reflect.NativeMethodAccessorImpl.invoke(NativeMethodAccessorImpl.java:62)
	at java.base/jdk.internal.reflect.DelegatingMethodAccessorImpl.invoke(DelegatingMethodAccessorImpl.java:43)
	at java.base/java.lang.reflect.Method.invoke(Method.java:566)
	at org.junit.runners.model.FrameworkMethod$1.runReflectiveCall(FrameworkMethod.java:50)
	at org.junit.internal.runners.model.ReflectiveCallable.run(ReflectiveCallable.java:12)
	at org.junit.runners.model.FrameworkMethod.invokeExplosively(FrameworkMethod.java:47)
	at org.junit.internal.runners.statements.InvokeMethod.evaluate(InvokeMethod.java:17)
	at org.junit.runners.ParentRunner.runLeaf(ParentRunner.java:325)
	at org.junit.runners.BlockJUnit4ClassRunner.runChild(BlockJUnit4ClassRunner.java:78)
	at org.junit.runners.BlockJUnit4ClassRunner.runChild(BlockJUnit4ClassRunner.java:57)
	at org.junit.runners.ParentRunner$3.run(ParentRunner.java:290)
	at org.junit.runners.ParentRunner$1.schedule(ParentRunner.java:71)
	at org.junit.runners.ParentRunner.runChildren(ParentRunner.java:288)
	at org.junit.runners.ParentRunner.access$000(ParentRunner.java:58)
	at org.junit.runners.ParentRunner$2.evaluate(ParentRunner.java:268)
	at org.junit.runners.ParentRunner.run(ParentRunner.java:363)
	at org.apache.maven.surefire.junit4.JUnit4Provider.execute(JUnit4Provider.java:252)
	at org.apache.maven.surefire.junit4.JUnit4Provider.executeTestSet(JUnit4Provider.java:141)
	at org.apache.maven.surefire.junit4.JUnit4Provider.invoke(JUnit4Provider.java:112)
	at java.base/jdk.internal.reflect.NativeMethodAccessorImpl.invoke0(Native Method)
	at java.base/jdk.internal.reflect.NativeMethodAccessorImpl.invoke(NativeMethodAccessorImpl.java:62)
	at java.base/jdk.internal.reflect.DelegatingMethodAccessorImpl.invoke(DelegatingMethodAccessorImpl.java:43)
	at java.base/java.lang.reflect.Method.invoke(Method.java:566)
	at org.apache.maven.surefire.util.ReflectionUtils.invokeMethodWithArray(ReflectionUtils.java:189)
	at org.apache.maven.surefire.booter.ProviderFactory$ProviderProxy.invoke(ProviderFactory.java:165)
	at org.apache.maven.surefire.booter.ProviderFactory.invokeProvider(ProviderFactory.java:85)
	at org.apache.maven.surefire.booter.ForkedBooter.runSuitesInProcess(ForkedBooter.java:115)
	at org.apache.maven.surefire.booter.ForkedBooter.main(ForkedBooter.java:75)

