<?xml version="1.0" encoding="UTF-8" ?>
<testsuite tests="4" failures="0" name="de.hsmainz.cs.semgis.arqextension.test.raster.relation.EqualsTest" time="1.248" errors="4" skipped="0">
  <properties>
[...]
</properties>
  <testcase classname="de.hsmainz.cs.semgis.arqextension.test.raster.relation.EqualsTest" name="testEqualsFalse" time="1.245">
    <error message="org.opengis.referencing.crs.CRSAuthorityFactory: Provider org.geotoolkit.internal.referencing.factory.IGNF could not be instantiated" type="java.util.ServiceConfigurationError">java.util.ServiceConfigurationError: org.opengis.referencing.crs.CRSAuthorityFactory: Provider org.geotoolkit.internal.referencing.factory.IGNF could not be instantiated
	at java.base/java.util.ServiceLoader.fail(ServiceLoader.java:581)
	at java.base/java.util.ServiceLoader$ProviderImpl.newInstance(ServiceLoader.java:803)
	at java.base/java.util.ServiceLoader$ProviderImpl.get(ServiceLoader.java:721)
	at java.base/java.util.ServiceLoader$3.next(ServiceLoader.java:1394)
	at org.apache.sis.referencing.AuthorityFactories.next(AuthorityFactories.java:227)
	at org.apache.sis.referencing.AuthorityFactories.next(AuthorityFactories.java:53)
	at org.apache.sis.internal.referencing.LazySet.get(LazySet.java:259)
	at org.apache.sis.internal.referencing.LazySet$1.next(LazySet.java:285)
	at org.apache.sis.referencing.factory.MultiAuthoritiesFactory.getAuthorityFactory(MultiAuthoritiesFactory.java:687)
	at org.apache.sis.referencing.factory.MultiAuthoritiesFactory.create(MultiAuthoritiesFactory.java:860)
	at org.apache.sis.referencing.factory.MultiAuthoritiesFactory.createCoordinateReferenceSystem(MultiAuthoritiesFactory.java:921)
	at org.apache.sis.referencing.CRS.forCode(CRS.java:243)
	at io.github.galbiston.geosparql_jena.implementation.SRSInfo.getDefaultWktCRS84(SRSInfo.java:240)
	at io.github.galbiston.geosparql_jena.implementation.SRSInfo.&lt;clinit&gt;(SRSInfo.java:49)
	at io.github.galbiston.geosparql_jena.implementation.registry.SRSRegistry.storeSRS(SRSRegistry.java:73)
	at io.github.galbiston.geosparql_jena.implementation.registry.SRSRegistry.getSRSInfo(SRSRegistry.java:61)
	at io.github.galbiston.geosparql_jena.implementation.datatype.raster.CoverageWrapper.&lt;init&gt;(CoverageWrapper.java:139)
	at io.github.galbiston.geosparql_jena.implementation.datatype.raster.CoverageWrapper.&lt;init&gt;(CoverageWrapper.java:118)
	at io.github.galbiston.geosparql_jena.implementation.datatype.raster.CoverageWrapper.&lt;init&gt;(CoverageWrapper.java:106)
	at io.github.galbiston.geosparql_jena.implementation.datatype.raster.CoverageWrapper.&lt;init&gt;(CoverageWrapper.java:152)
	at io.github.galbiston.geosparql_jena.implementation.datatype.raster.HexWKBRastDatatype.read(HexWKBRastDatatype.java:56)
	at io.github.galbiston.geosparql_jena.implementation.index.GeometryLiteralIndex.retrieveMemoryIndex(GeometryLiteralIndex.java:121)
	at io.github.galbiston.geosparql_jena.implementation.index.GeometryLiteralIndex.retrieve(GeometryLiteralIndex.java:71)
	at io.github.galbiston.geosparql_jena.implementation.datatype.RasterDataType.parse(RasterDataType.java:39)
	at io.github.galbiston.geosparql_jena.implementation.datatype.RasterDataType.parse(RasterDataType.java:32)
	at io.github.galbiston.geosparql_jena.implementation.datatype.RasterDataType.parse(RasterDataType.java:14)
	at org.apache.jena.graph.impl.LiteralLabelImpl.setValue(LiteralLabelImpl.java:217)
	at org.apache.jena.graph.impl.LiteralLabelImpl.setLiteralLabel_1(LiteralLabelImpl.java:111)
	at org.apache.jena.graph.impl.LiteralLabelImpl.&lt;init&gt;(LiteralLabelImpl.java:100)
	at org.apache.jena.graph.impl.LiteralLabelFactory.create(LiteralLabelFactory.java:50)
	at org.apache.jena.graph.NodeFactory.createLiteral(NodeFactory.java:171)
	at org.apache.jena.sparql.expr.NodeValue.makeNode(NodeValue.java:258)
	at de.hsmainz.cs.semgis.arqextension.test.raster.relation.EqualsTest.testEqualsFalse(EqualsTest.java:26)
	at java.base/jdk.internal.reflect.NativeMethodAccessorImpl.invoke0(Native Method)
	at java.base/jdk.internal.reflect.NativeMethodAccessorImpl.invoke(NativeMethodAccessorImpl.java:62)
	at java.base/jdk.internal.reflect.DelegatingMethodAccessorImpl.invoke(DelegatingMethodAccessorImpl.java:43)
	at java.base/java.lang.reflect.Method.invoke(Method.java:566)
	at org.junit.runners.model.FrameworkMethod$1.runReflectiveCall(FrameworkMethod.java:50)
	at org.junit.internal.runners.model.ReflectiveCallable.run(ReflectiveCallable.java:12)
	at org.junit.runners.model.FrameworkMethod.invokeExplosively(FrameworkMethod.java:47)
	at org.junit.internal.runners.statements.InvokeMethod.evaluate(InvokeMethod.java:17)
	at org.junit.runners.ParentRunner.runLeaf(ParentRunner.java:325)
	at org.junit.runners.BlockJUnit4ClassRunner.runChild(BlockJUnit4ClassRunner.java:78)
	at org.junit.runners.BlockJUnit4ClassRunner.runChild(BlockJUnit4ClassRunner.java:57)
	at org.junit.runners.ParentRunner$3.run(ParentRunner.java:290)
	at org.junit.runners.ParentRunner$1.schedule(ParentRunner.java:71)
	at org.junit.runners.ParentRunner.runChildren(ParentRunner.java:288)
	at org.junit.runners.ParentRunner.access$000(ParentRunner.java:58)
	at org.junit.runners.ParentRunner$2.evaluate(ParentRunner.java:268)
	at org.junit.runners.ParentRunner.run(ParentRunner.java:363)
	at org.apache.maven.surefire.junit4.JUnit4Provider.execute(JUnit4Provider.java:252)
	at org.apache.maven.surefire.junit4.JUnit4Provider.executeTestSet(JUnit4Provider.java:141)
	at org.apache.maven.surefire.junit4.JUnit4Provider.invoke(JUnit4Provider.java:112)
	at java.base/jdk.internal.reflect.NativeMethodAccessorImpl.invoke0(Native Method)
	at java.base/jdk.internal.reflect.NativeMethodAccessorImpl.invoke(NativeMethodAccessorImpl.java:62)
	at java.base/jdk.internal.reflect.DelegatingMethodAccessorImpl.invoke(DelegatingMethodAccessorImpl.java:43)
	at java.base/java.lang.reflect.Method.invoke(Method.java:566)
	at org.apache.maven.surefire.util.ReflectionUtils.invokeMethodWithArray(ReflectionUtils.java:189)
	at org.apache.maven.surefire.booter.ProviderFactory$ProviderProxy.invoke(ProviderFactory.java:165)
	at org.apache.maven.surefire.booter.ProviderFactory.invokeProvider(ProviderFactory.java:85)
	at org.apache.maven.surefire.booter.ForkedBooter.runSuitesInProcess(ForkedBooter.java:115)
	at org.apache.maven.surefire.booter.ForkedBooter.main(ForkedBooter.java:75)
Caused by: java.lang.IllegalArgumentException: org.geotoolkit.referencing.factory.ReferencingFactoryContainer is not an ImageIO SPI class
	at java.desktop/javax.imageio.spi.ServiceRegistry.checkClassAllowed(ServiceRegistry.java:722)
	at java.desktop/javax.imageio.spi.ServiceRegistry.&lt;init&gt;(ServiceRegistry.java:117)
	at org.geotoolkit.factory.FactoryRegistry.&lt;init&gt;(FactoryRegistry.java:163)
	at org.geotoolkit.factory.FactoryRegistry.&lt;init&gt;(FactoryRegistry.java:142)
	at org.geotoolkit.factory.DynamicFactoryRegistry.&lt;init&gt;(DynamicFactoryRegistry.java:89)
	at org.geotoolkit.referencing.factory.ReferencingFactoryContainer.instance(ReferencingFactoryContainer.java:147)
	at org.geotoolkit.referencing.factory.DirectAuthorityFactory.&lt;init&gt;(DirectAuthorityFactory.java:93)
	at org.geotoolkit.referencing.factory.DirectAuthorityFactory.&lt;init&gt;(DirectAuthorityFactory.java:71)
	at org.geotoolkit.internal.referencing.factory.IGNF.&lt;init&gt;(IGNF.java:73)
	at java.base/jdk.internal.reflect.NativeConstructorAccessorImpl.newInstance0(Native Method)
	at java.base/jdk.internal.reflect.NativeConstructorAccessorImpl.newInstance(NativeConstructorAccessorImpl.java:62)
	at java.base/jdk.internal.reflect.DelegatingConstructorAccessorImpl.newInstance(DelegatingConstructorAccessorImpl.java:45)
	at java.base/java.lang.reflect.Constructor.newInstance(Constructor.java:490)
	at java.base/java.util.ServiceLoader$ProviderImpl.newInstance(ServiceLoader.java:779)
	... 60 more
</error>
    <system-err>java.io.FileNotFoundException: wkb.bin (The system cannot find the file specified)
	at java.base/java.io.FileInputStream.open0(Native Method)
	at java.base/java.io.FileInputStream.open(FileInputStream.java:219)
	at java.base/java.io.FileInputStream.&lt;init&gt;(FileInputStream.java:157)
	at java.base/java.io.FileInputStream.&lt;init&gt;(FileInputStream.java:112)
	at de.hsmainz.cs.semgis.arqextension.test.util.SampleRasters.&lt;init&gt;(SampleRasters.java:111)
	at de.hsmainz.cs.semgis.arqextension.test.raster.relation.EqualsTest.&lt;init&gt;(EqualsTest.java:13)
	at java.base/jdk.internal.reflect.NativeConstructorAccessorImpl.newInstance0(Native Method)
	at java.base/jdk.internal.reflect.NativeConstructorAccessorImpl.newInstance(NativeConstructorAccessorImpl.java:62)
	at java.base/jdk.internal.reflect.DelegatingConstructorAccessorImpl.newInstance(DelegatingConstructorAccessorImpl.java:45)
	at java.base/java.lang.reflect.Constructor.newInstance(Constructor.java:490)
	at org.junit.runners.BlockJUnit4ClassRunner.createTest(BlockJUnit4ClassRunner.java:217)
	at org.junit.runners.BlockJUnit4ClassRunner$1.runReflectiveCall(BlockJUnit4ClassRunner.java:266)
	at org.junit.internal.runners.model.ReflectiveCallable.run(ReflectiveCallable.java:12)
	at org.junit.runners.BlockJUnit4ClassRunner.methodBlock(BlockJUnit4ClassRunner.java:263)
	at org.junit.runners.BlockJUnit4ClassRunner.runChild(BlockJUnit4ClassRunner.java:78)
	at org.junit.runners.BlockJUnit4ClassRunner.runChild(BlockJUnit4ClassRunner.java:57)
	at org.junit.runners.ParentRunner$3.run(ParentRunner.java:290)
	at org.junit.runners.ParentRunner$1.schedule(ParentRunner.java:71)
	at org.junit.runners.ParentRunner.runChildren(ParentRunner.java:288)
	at org.junit.runners.ParentRunner.access$000(ParentRunner.java:58)
	at org.junit.runners.ParentRunner$2.evaluate(ParentRunner.java:268)
	at org.junit.runners.ParentRunner.run(ParentRunner.java:363)
	at org.apache.maven.surefire.junit4.JUnit4Provider.execute(JUnit4Provider.java:252)
	at org.apache.maven.surefire.junit4.JUnit4Provider.executeTestSet(JUnit4Provider.java:141)
	at org.apache.maven.surefire.junit4.JUnit4Provider.invoke(JUnit4Provider.java:112)
	at java.base/jdk.internal.reflect.NativeMethodAccessorImpl.invoke0(Native Method)
	at java.base/jdk.internal.reflect.NativeMethodAccessorImpl.invoke(NativeMethodAccessorImpl.java:62)
	at java.base/jdk.internal.reflect.DelegatingMethodAccessorImpl.invoke(DelegatingMethodAccessorImpl.java:43)
	at java.base/java.lang.reflect.Method.invoke(Method.java:566)
	at org.apache.maven.surefire.util.ReflectionUtils.invokeMethodWithArray(ReflectionUtils.java:189)
	at org.apache.maven.surefire.booter.ProviderFactory$ProviderProxy.invoke(ProviderFactory.java:165)
	at org.apache.maven.surefire.booter.ProviderFactory.invokeProvider(ProviderFactory.java:85)
	at org.apache.maven.surefire.booter.ForkedBooter.runSuitesInProcess(ForkedBooter.java:115)
	at org.apache.maven.surefire.booter.ForkedBooter.main(ForkedBooter.java:75)
SLF4J: Failed to load class &quot;org.slf4j.impl.StaticLoggerBinder&quot;.
SLF4J: Defaulting to no-operation (NOP) logger implementation
SLF4J: See http://www.slf4j.org/codes.html#StaticLoggerBinder for further details.
Apr 30, 2021 5:54:32 PM org.apache.sis.referencing.CRS getAuthorityFactory
WARNING: Can not use the EPSG geodetic parameters. Caused by: Failed to start database &apos;classpath:SIS_DATA/Databases/SpatialMetadata&apos; with class loader jdk.internal.loader.ClassLoaders$AppClassLoader@30946e09, see the next exception for details.
</system-err>
  </testcase>
  <testcase classname="de.hsmainz.cs.semgis.arqextension.test.raster.relation.EqualsTest" name="testRasterEqualsTrue" time="0.001">
    <error message="Could not initialize class io.github.galbiston.geosparql_jena.implementation.SRSInfo" type="java.lang.NoClassDefFoundError">java.lang.NoClassDefFoundError: Could not initialize class io.github.galbiston.geosparql_jena.implementation.SRSInfo
	at io.github.galbiston.geosparql_jena.implementation.registry.SRSRegistry.storeSRS(SRSRegistry.java:73)
	at io.github.galbiston.geosparql_jena.implementation.registry.SRSRegistry.getSRSInfo(SRSRegistry.java:61)
	at io.github.galbiston.geosparql_jena.implementation.datatype.raster.CoverageWrapper.&lt;init&gt;(CoverageWrapper.java:139)
	at io.github.galbiston.geosparql_jena.implementation.datatype.raster.CoverageWrapper.&lt;init&gt;(CoverageWrapper.java:118)
	at io.github.galbiston.geosparql_jena.implementation.datatype.raster.CoverageWrapper.&lt;init&gt;(CoverageWrapper.java:106)
	at io.github.galbiston.geosparql_jena.implementation.datatype.raster.CoverageWrapper.&lt;init&gt;(CoverageWrapper.java:152)
	at io.github.galbiston.geosparql_jena.implementation.datatype.raster.HexWKBRastDatatype.read(HexWKBRastDatatype.java:56)
	at io.github.galbiston.geosparql_jena.implementation.index.GeometryLiteralIndex.retrieveMemoryIndex(GeometryLiteralIndex.java:121)
	at io.github.galbiston.geosparql_jena.implementation.index.GeometryLiteralIndex.retrieve(GeometryLiteralIndex.java:71)
	at io.github.galbiston.geosparql_jena.implementation.datatype.RasterDataType.parse(RasterDataType.java:39)
	at io.github.galbiston.geosparql_jena.implementation.datatype.RasterDataType.parse(RasterDataType.java:32)
	at io.github.galbiston.geosparql_jena.implementation.datatype.RasterDataType.parse(RasterDataType.java:14)
	at org.apache.jena.graph.impl.LiteralLabelImpl.setValue(LiteralLabelImpl.java:217)
	at org.apache.jena.graph.impl.LiteralLabelImpl.setLiteralLabel_1(LiteralLabelImpl.java:111)
	at org.apache.jena.graph.impl.LiteralLabelImpl.&lt;init&gt;(LiteralLabelImpl.java:100)
	at org.apache.jena.graph.impl.LiteralLabelFactory.create(LiteralLabelFactory.java:50)
	at org.apache.jena.graph.NodeFactory.createLiteral(NodeFactory.java:171)
	at org.apache.jena.sparql.expr.NodeValue.makeNode(NodeValue.java:258)
	at de.hsmainz.cs.semgis.arqextension.test.raster.relation.EqualsTest.testRasterEqualsTrue(EqualsTest.java:36)
	at java.base/jdk.internal.reflect.NativeMethodAccessorImpl.invoke0(Native Method)
	at java.base/jdk.internal.reflect.NativeMethodAccessorImpl.invoke(NativeMethodAccessorImpl.java:62)
	at java.base/jdk.internal.reflect.DelegatingMethodAccessorImpl.invoke(DelegatingMethodAccessorImpl.java:43)
	at java.base/java.lang.reflect.Method.invoke(Method.java:566)
	at org.junit.runners.model.FrameworkMethod$1.runReflectiveCall(FrameworkMethod.java:50)
	at org.junit.internal.runners.model.ReflectiveCallable.run(ReflectiveCallable.java:12)
	at org.junit.runners.model.FrameworkMethod.invokeExplosively(FrameworkMethod.java:47)
	at org.junit.internal.runners.statements.InvokeMethod.evaluate(InvokeMethod.java:17)
	at org.junit.runners.ParentRunner.runLeaf(ParentRunner.java:325)
	at org.junit.runners.BlockJUnit4ClassRunner.runChild(BlockJUnit4ClassRunner.java:78)
	at org.junit.runners.BlockJUnit4ClassRunner.runChild(BlockJUnit4ClassRunner.java:57)
	at org.junit.runners.ParentRunner$3.run(ParentRunner.java:290)
	at org.junit.runners.ParentRunner$1.schedule(ParentRunner.java:71)
	at org.junit.runners.ParentRunner.runChildren(ParentRunner.java:288)
	at org.junit.runners.ParentRunner.access$000(ParentRunner.java:58)
	at org.junit.runners.ParentRunner$2.evaluate(ParentRunner.java:268)
	at org.junit.runners.ParentRunner.run(ParentRunner.java:363)
	at org.apache.maven.surefire.junit4.JUnit4Provider.execute(JUnit4Provider.java:252)
	at org.apache.maven.surefire.junit4.JUnit4Provider.executeTestSet(JUnit4Provider.java:141)
	at org.apache.maven.surefire.junit4.JUnit4Provider.invoke(JUnit4Provider.java:112)
	at java.base/jdk.internal.reflect.NativeMethodAccessorImpl.invoke0(Native Method)
	at java.base/jdk.internal.reflect.NativeMethodAccessorImpl.invoke(NativeMethodAccessorImpl.java:62)
	at java.base/jdk.internal.reflect.DelegatingMethodAccessorImpl.invoke(DelegatingMethodAccessorImpl.java:43)
	at java.base/java.lang.reflect.Method.invoke(Method.java:566)
	at org.apache.maven.surefire.util.ReflectionUtils.invokeMethodWithArray(ReflectionUtils.java:189)
	at org.apache.maven.surefire.booter.ProviderFactory$ProviderProxy.invoke(ProviderFactory.java:165)
	at org.apache.maven.surefire.booter.ProviderFactory.invokeProvider(ProviderFactory.java:85)
	at org.apache.maven.surefire.booter.ForkedBooter.runSuitesInProcess(ForkedBooter.java:115)
	at org.apache.maven.surefire.booter.ForkedBooter.main(ForkedBooter.java:75)
</error>
    <system-err>java.io.FileNotFoundException: wkb.bin (The system cannot find the file specified)
	at java.base/java.io.FileInputStream.open0(Native Method)
	at java.base/java.io.FileInputStream.open(FileInputStream.java:219)
	at java.base/java.io.FileInputStream.&lt;init&gt;(FileInputStream.java:157)
	at java.base/java.io.FileInputStream.&lt;init&gt;(FileInputStream.java:112)
	at de.hsmainz.cs.semgis.arqextension.test.util.SampleRasters.&lt;init&gt;(SampleRasters.java:111)
	at de.hsmainz.cs.semgis.arqextension.test.raster.relation.EqualsTest.&lt;init&gt;(EqualsTest.java:13)
	at java.base/jdk.internal.reflect.NativeConstructorAccessorImpl.newInstance0(Native Method)
	at java.base/jdk.internal.reflect.NativeConstructorAccessorImpl.newInstance(NativeConstructorAccessorImpl.java:62)
	at java.base/jdk.internal.reflect.DelegatingConstructorAccessorImpl.newInstance(DelegatingConstructorAccessorImpl.java:45)
	at java.base/java.lang.reflect.Constructor.newInstance(Constructor.java:490)
	at org.junit.runners.BlockJUnit4ClassRunner.createTest(BlockJUnit4ClassRunner.java:217)
	at org.junit.runners.BlockJUnit4ClassRunner$1.runReflectiveCall(BlockJUnit4ClassRunner.java:266)
	at org.junit.internal.runners.model.ReflectiveCallable.run(ReflectiveCallable.java:12)
	at org.junit.runners.BlockJUnit4ClassRunner.methodBlock(BlockJUnit4ClassRunner.java:263)
	at org.junit.runners.BlockJUnit4ClassRunner.runChild(BlockJUnit4ClassRunner.java:78)
	at org.junit.runners.BlockJUnit4ClassRunner.runChild(BlockJUnit4ClassRunner.java:57)
	at org.junit.runners.ParentRunner$3.run(ParentRunner.java:290)
	at org.junit.runners.ParentRunner$1.schedule(ParentRunner.java:71)
	at org.junit.runners.ParentRunner.runChildren(ParentRunner.java:288)
	at org.junit.runners.ParentRunner.access$000(ParentRunner.java:58)
	at org.junit.runners.ParentRunner$2.evaluate(ParentRunner.java:268)
	at org.junit.runners.ParentRunner.run(ParentRunner.java:363)
	at org.apache.maven.surefire.junit4.JUnit4Provider.execute(JUnit4Provider.java:252)
	at org.apache.maven.surefire.junit4.JUnit4Provider.executeTestSet(JUnit4Provider.java:141)
	at org.apache.maven.surefire.junit4.JUnit4Provider.invoke(JUnit4Provider.java:112)
	at java.base/jdk.internal.reflect.NativeMethodAccessorImpl.invoke0(Native Method)
	at java.base/jdk.internal.reflect.NativeMethodAccessorImpl.invoke(NativeMethodAccessorImpl.java:62)
	at java.base/jdk.internal.reflect.DelegatingMethodAccessorImpl.invoke(DelegatingMethodAccessorImpl.java:43)
	at java.base/java.lang.reflect.Method.invoke(Method.java:566)
	at org.apache.maven.surefire.util.ReflectionUtils.invokeMethodWithArray(ReflectionUtils.java:189)
	at org.apache.maven.surefire.booter.ProviderFactory$ProviderProxy.invoke(ProviderFactory.java:165)
	at org.apache.maven.surefire.booter.ProviderFactory.invokeProvider(ProviderFactory.java:85)
	at org.apache.maven.surefire.booter.ForkedBooter.runSuitesInProcess(ForkedBooter.java:115)
	at org.apache.maven.surefire.booter.ForkedBooter.main(ForkedBooter.java:75)
</system-err>
  </testcase>
  <testcase classname="de.hsmainz.cs.semgis.arqextension.test.raster.relation.EqualsTest" name="testEqualsTrue" time="0">
    <error message="Could not initialize class io.github.galbiston.geosparql_jena.implementation.SRSInfo" type="java.lang.NoClassDefFoundError">java.lang.NoClassDefFoundError: Could not initialize class io.github.galbiston.geosparql_jena.implementation.SRSInfo
	at io.github.galbiston.geosparql_jena.implementation.registry.SRSRegistry.storeSRS(SRSRegistry.java:73)
	at io.github.galbiston.geosparql_jena.implementation.registry.SRSRegistry.getSRSInfo(SRSRegistry.java:61)
	at io.github.galbiston.geosparql_jena.implementation.datatype.raster.CoverageWrapper.&lt;init&gt;(CoverageWrapper.java:139)
	at io.github.galbiston.geosparql_jena.implementation.datatype.raster.CoverageWrapper.&lt;init&gt;(CoverageWrapper.java:118)
	at io.github.galbiston.geosparql_jena.implementation.datatype.raster.CoverageWrapper.&lt;init&gt;(CoverageWrapper.java:106)
	at io.github.galbiston.geosparql_jena.implementation.datatype.raster.CoverageWrapper.&lt;init&gt;(CoverageWrapper.java:152)
	at io.github.galbiston.geosparql_jena.implementation.datatype.raster.HexWKBRastDatatype.read(HexWKBRastDatatype.java:56)
	at io.github.galbiston.geosparql_jena.implementation.index.GeometryLiteralIndex.retrieveMemoryIndex(GeometryLiteralIndex.java:121)
	at io.github.galbiston.geosparql_jena.implementation.index.GeometryLiteralIndex.retrieve(GeometryLiteralIndex.java:71)
	at io.github.galbiston.geosparql_jena.implementation.datatype.RasterDataType.parse(RasterDataType.java:39)
	at io.github.galbiston.geosparql_jena.implementation.datatype.RasterDataType.parse(RasterDataType.java:32)
	at io.github.galbiston.geosparql_jena.implementation.datatype.RasterDataType.parse(RasterDataType.java:14)
	at org.apache.jena.graph.impl.LiteralLabelImpl.setValue(LiteralLabelImpl.java:217)
	at org.apache.jena.graph.impl.LiteralLabelImpl.setLiteralLabel_1(LiteralLabelImpl.java:111)
	at org.apache.jena.graph.impl.LiteralLabelImpl.&lt;init&gt;(LiteralLabelImpl.java:100)
	at org.apache.jena.graph.impl.LiteralLabelFactory.create(LiteralLabelFactory.java:50)
	at org.apache.jena.graph.NodeFactory.createLiteral(NodeFactory.java:171)
	at org.apache.jena.sparql.expr.NodeValue.makeNode(NodeValue.java:258)
	at de.hsmainz.cs.semgis.arqextension.test.raster.relation.EqualsTest.testEqualsTrue(EqualsTest.java:17)
	at java.base/jdk.internal.reflect.NativeMethodAccessorImpl.invoke0(Native Method)
	at java.base/jdk.internal.reflect.NativeMethodAccessorImpl.invoke(NativeMethodAccessorImpl.java:62)
	at java.base/jdk.internal.reflect.DelegatingMethodAccessorImpl.invoke(DelegatingMethodAccessorImpl.java:43)
	at java.base/java.lang.reflect.Method.invoke(Method.java:566)
	at org.junit.runners.model.FrameworkMethod$1.runReflectiveCall(FrameworkMethod.java:50)
	at org.junit.internal.runners.model.ReflectiveCallable.run(ReflectiveCallable.java:12)
	at org.junit.runners.model.FrameworkMethod.invokeExplosively(FrameworkMethod.java:47)
	at org.junit.internal.runners.statements.InvokeMethod.evaluate(InvokeMethod.java:17)
	at org.junit.runners.ParentRunner.runLeaf(ParentRunner.java:325)
	at org.junit.runners.BlockJUnit4ClassRunner.runChild(BlockJUnit4ClassRunner.java:78)
	at org.junit.runners.BlockJUnit4ClassRunner.runChild(BlockJUnit4ClassRunner.java:57)
	at org.junit.runners.ParentRunner$3.run(ParentRunner.java:290)
	at org.junit.runners.ParentRunner$1.schedule(ParentRunner.java:71)
	at org.junit.runners.ParentRunner.runChildren(ParentRunner.java:288)
	at org.junit.runners.ParentRunner.access$000(ParentRunner.java:58)
	at org.junit.runners.ParentRunner$2.evaluate(ParentRunner.java:268)
	at org.junit.runners.ParentRunner.run(ParentRunner.java:363)
	at org.apache.maven.surefire.junit4.JUnit4Provider.execute(JUnit4Provider.java:252)
	at org.apache.maven.surefire.junit4.JUnit4Provider.executeTestSet(JUnit4Provider.java:141)
	at org.apache.maven.surefire.junit4.JUnit4Provider.invoke(JUnit4Provider.java:112)
	at java.base/jdk.internal.reflect.NativeMethodAccessorImpl.invoke0(Native Method)
	at java.base/jdk.internal.reflect.NativeMethodAccessorImpl.invoke(NativeMethodAccessorImpl.java:62)
	at java.base/jdk.internal.reflect.DelegatingMethodAccessorImpl.invoke(DelegatingMethodAccessorImpl.java:43)
	at java.base/java.lang.reflect.Method.invoke(Method.java:566)
	at org.apache.maven.surefire.util.ReflectionUtils.invokeMethodWithArray(ReflectionUtils.java:189)
	at org.apache.maven.surefire.booter.ProviderFactory$ProviderProxy.invoke(ProviderFactory.java:165)
	at org.apache.maven.surefire.booter.ProviderFactory.invokeProvider(ProviderFactory.java:85)
	at org.apache.maven.surefire.booter.ForkedBooter.runSuitesInProcess(ForkedBooter.java:115)
	at org.apache.maven.surefire.booter.ForkedBooter.main(ForkedBooter.java:75)
</error>
    <system-err>java.io.FileNotFoundException: wkb.bin (The system cannot find the file specified)
	at java.base/java.io.FileInputStream.open0(Native Method)
	at java.base/java.io.FileInputStream.open(FileInputStream.java:219)
	at java.base/java.io.FileInputStream.&lt;init&gt;(FileInputStream.java:157)
	at java.base/java.io.FileInputStream.&lt;init&gt;(FileInputStream.java:112)
	at de.hsmainz.cs.semgis.arqextension.test.util.SampleRasters.&lt;init&gt;(SampleRasters.java:111)
	at de.hsmainz.cs.semgis.arqextension.test.raster.relation.EqualsTest.&lt;init&gt;(EqualsTest.java:13)
	at java.base/jdk.internal.reflect.NativeConstructorAccessorImpl.newInstance0(Native Method)
	at java.base/jdk.internal.reflect.NativeConstructorAccessorImpl.newInstance(NativeConstructorAccessorImpl.java:62)
	at java.base/jdk.internal.reflect.DelegatingConstructorAccessorImpl.newInstance(DelegatingConstructorAccessorImpl.java:45)
	at java.base/java.lang.reflect.Constructor.newInstance(Constructor.java:490)
	at org.junit.runners.BlockJUnit4ClassRunner.createTest(BlockJUnit4ClassRunner.java:217)
	at org.junit.runners.BlockJUnit4ClassRunner$1.runReflectiveCall(BlockJUnit4ClassRunner.java:266)
	at org.junit.internal.runners.model.ReflectiveCallable.run(ReflectiveCallable.java:12)
	at org.junit.runners.BlockJUnit4ClassRunner.methodBlock(BlockJUnit4ClassRunner.java:263)
	at org.junit.runners.BlockJUnit4ClassRunner.runChild(BlockJUnit4ClassRunner.java:78)
	at org.junit.runners.BlockJUnit4ClassRunner.runChild(BlockJUnit4ClassRunner.java:57)
	at org.junit.runners.ParentRunner$3.run(ParentRunner.java:290)
	at org.junit.runners.ParentRunner$1.schedule(ParentRunner.java:71)
	at org.junit.runners.ParentRunner.runChildren(ParentRunner.java:288)
	at org.junit.runners.ParentRunner.access$000(ParentRunner.java:58)
	at org.junit.runners.ParentRunner$2.evaluate(ParentRunner.java:268)
	at org.junit.runners.ParentRunner.run(ParentRunner.java:363)
	at org.apache.maven.surefire.junit4.JUnit4Provider.execute(JUnit4Provider.java:252)
	at org.apache.maven.surefire.junit4.JUnit4Provider.executeTestSet(JUnit4Provider.java:141)
	at org.apache.maven.surefire.junit4.JUnit4Provider.invoke(JUnit4Provider.java:112)
	at java.base/jdk.internal.reflect.NativeMethodAccessorImpl.invoke0(Native Method)
	at java.base/jdk.internal.reflect.NativeMethodAccessorImpl.invoke(NativeMethodAccessorImpl.java:62)
	at java.base/jdk.internal.reflect.DelegatingMethodAccessorImpl.invoke(DelegatingMethodAccessorImpl.java:43)
	at java.base/java.lang.reflect.Method.invoke(Method.java:566)
	at org.apache.maven.surefire.util.ReflectionUtils.invokeMethodWithArray(ReflectionUtils.java:189)
	at org.apache.maven.surefire.booter.ProviderFactory$ProviderProxy.invoke(ProviderFactory.java:165)
	at org.apache.maven.surefire.booter.ProviderFactory.invokeProvider(ProviderFactory.java:85)
	at org.apache.maven.surefire.booter.ForkedBooter.runSuitesInProcess(ForkedBooter.java:115)
	at org.apache.maven.surefire.booter.ForkedBooter.main(ForkedBooter.java:75)
</system-err>
  </testcase>
  <testcase classname="de.hsmainz.cs.semgis.arqextension.test.raster.relation.EqualsTest" name="testRasterEqualsFalse" time="0.002">
    <error message="Could not initialize class io.github.galbiston.geosparql_jena.implementation.SRSInfo" type="java.lang.NoClassDefFoundError">java.lang.NoClassDefFoundError: Could not initialize class io.github.galbiston.geosparql_jena.implementation.SRSInfo
	at io.github.galbiston.geosparql_jena.implementation.registry.SRSRegistry.storeSRS(SRSRegistry.java:73)
	at io.github.galbiston.geosparql_jena.implementation.registry.SRSRegistry.getSRSInfo(SRSRegistry.java:61)
	at io.github.galbiston.geosparql_jena.implementation.datatype.raster.CoverageWrapper.&lt;init&gt;(CoverageWrapper.java:139)
	at io.github.galbiston.geosparql_jena.implementation.datatype.raster.CoverageWrapper.&lt;init&gt;(CoverageWrapper.java:118)
	at io.github.galbiston.geosparql_jena.implementation.datatype.raster.CoverageWrapper.&lt;init&gt;(CoverageWrapper.java:106)
	at io.github.galbiston.geosparql_jena.implementation.datatype.raster.CoverageWrapper.&lt;init&gt;(CoverageWrapper.java:152)
	at io.github.galbiston.geosparql_jena.implementation.datatype.raster.HexWKBRastDatatype.read(HexWKBRastDatatype.java:56)
	at io.github.galbiston.geosparql_jena.implementation.index.GeometryLiteralIndex.retrieveMemoryIndex(GeometryLiteralIndex.java:121)
	at io.github.galbiston.geosparql_jena.implementation.index.GeometryLiteralIndex.retrieve(GeometryLiteralIndex.java:71)
	at io.github.galbiston.geosparql_jena.implementation.datatype.RasterDataType.parse(RasterDataType.java:39)
	at io.github.galbiston.geosparql_jena.implementation.datatype.RasterDataType.parse(RasterDataType.java:32)
	at io.github.galbiston.geosparql_jena.implementation.datatype.RasterDataType.parse(RasterDataType.java:14)
	at org.apache.jena.graph.impl.LiteralLabelImpl.setValue(LiteralLabelImpl.java:217)
	at org.apache.jena.graph.impl.LiteralLabelImpl.setLiteralLabel_1(LiteralLabelImpl.java:111)
	at org.apache.jena.graph.impl.LiteralLabelImpl.&lt;init&gt;(LiteralLabelImpl.java:100)
	at org.apache.jena.graph.impl.LiteralLabelFactory.create(LiteralLabelFactory.java:50)
	at org.apache.jena.graph.NodeFactory.createLiteral(NodeFactory.java:171)
	at org.apache.jena.sparql.expr.NodeValue.makeNode(NodeValue.java:258)
	at de.hsmainz.cs.semgis.arqextension.test.raster.relation.EqualsTest.testRasterEqualsFalse(EqualsTest.java:47)
	at java.base/jdk.internal.reflect.NativeMethodAccessorImpl.invoke0(Native Method)
	at java.base/jdk.internal.reflect.NativeMethodAccessorImpl.invoke(NativeMethodAccessorImpl.java:62)
	at java.base/jdk.internal.reflect.DelegatingMethodAccessorImpl.invoke(DelegatingMethodAccessorImpl.java:43)
	at java.base/java.lang.reflect.Method.invoke(Method.java:566)
	at org.junit.runners.model.FrameworkMethod$1.runReflectiveCall(FrameworkMethod.java:50)
	at org.junit.internal.runners.model.ReflectiveCallable.run(ReflectiveCallable.java:12)
	at org.junit.runners.model.FrameworkMethod.invokeExplosively(FrameworkMethod.java:47)
	at org.junit.internal.runners.statements.InvokeMethod.evaluate(InvokeMethod.java:17)
	at org.junit.runners.ParentRunner.runLeaf(ParentRunner.java:325)
	at org.junit.runners.BlockJUnit4ClassRunner.runChild(BlockJUnit4ClassRunner.java:78)
	at org.junit.runners.BlockJUnit4ClassRunner.runChild(BlockJUnit4ClassRunner.java:57)
	at org.junit.runners.ParentRunner$3.run(ParentRunner.java:290)
	at org.junit.runners.ParentRunner$1.schedule(ParentRunner.java:71)
	at org.junit.runners.ParentRunner.runChildren(ParentRunner.java:288)
	at org.junit.runners.ParentRunner.access$000(ParentRunner.java:58)
	at org.junit.runners.ParentRunner$2.evaluate(ParentRunner.java:268)
	at org.junit.runners.ParentRunner.run(ParentRunner.java:363)
	at org.apache.maven.surefire.junit4.JUnit4Provider.execute(JUnit4Provider.java:252)
	at org.apache.maven.surefire.junit4.JUnit4Provider.executeTestSet(JUnit4Provider.java:141)
	at org.apache.maven.surefire.junit4.JUnit4Provider.invoke(JUnit4Provider.java:112)
	at java.base/jdk.internal.reflect.NativeMethodAccessorImpl.invoke0(Native Method)
	at java.base/jdk.internal.reflect.NativeMethodAccessorImpl.invoke(NativeMethodAccessorImpl.java:62)
	at java.base/jdk.internal.reflect.DelegatingMethodAccessorImpl.invoke(DelegatingMethodAccessorImpl.java:43)
	at java.base/java.lang.reflect.Method.invoke(Method.java:566)
	at org.apache.maven.surefire.util.ReflectionUtils.invokeMethodWithArray(ReflectionUtils.java:189)
	at org.apache.maven.surefire.booter.ProviderFactory$ProviderProxy.invoke(ProviderFactory.java:165)
	at org.apache.maven.surefire.booter.ProviderFactory.invokeProvider(ProviderFactory.java:85)
	at org.apache.maven.surefire.booter.ForkedBooter.runSuitesInProcess(ForkedBooter.java:115)
	at org.apache.maven.surefire.booter.ForkedBooter.main(ForkedBooter.java:75)
</error>
    <system-err>java.io.FileNotFoundException: wkb.bin (The system cannot find the file specified)
	at java.base/java.io.FileInputStream.open0(Native Method)
	at java.base/java.io.FileInputStream.open(FileInputStream.java:219)
	at java.base/java.io.FileInputStream.&lt;init&gt;(FileInputStream.java:157)
	at java.base/java.io.FileInputStream.&lt;init&gt;(FileInputStream.java:112)
	at de.hsmainz.cs.semgis.arqextension.test.util.SampleRasters.&lt;init&gt;(SampleRasters.java:111)
	at de.hsmainz.cs.semgis.arqextension.test.raster.relation.EqualsTest.&lt;init&gt;(EqualsTest.java:13)
	at java.base/jdk.internal.reflect.NativeConstructorAccessorImpl.newInstance0(Native Method)
	at java.base/jdk.internal.reflect.NativeConstructorAccessorImpl.newInstance(NativeConstructorAccessorImpl.java:62)
	at java.base/jdk.internal.reflect.DelegatingConstructorAccessorImpl.newInstance(DelegatingConstructorAccessorImpl.java:45)
	at java.base/java.lang.reflect.Constructor.newInstance(Constructor.java:490)
	at org.junit.runners.BlockJUnit4ClassRunner.createTest(BlockJUnit4ClassRunner.java:217)
	at org.junit.runners.BlockJUnit4ClassRunner$1.runReflectiveCall(BlockJUnit4ClassRunner.java:266)
	at org.junit.internal.runners.model.ReflectiveCallable.run(ReflectiveCallable.java:12)
	at org.junit.runners.BlockJUnit4ClassRunner.methodBlock(BlockJUnit4ClassRunner.java:263)
	at org.junit.runners.BlockJUnit4ClassRunner.runChild(BlockJUnit4ClassRunner.java:78)
	at org.junit.runners.BlockJUnit4ClassRunner.runChild(BlockJUnit4ClassRunner.java:57)
	at org.junit.runners.ParentRunner$3.run(ParentRunner.java:290)
	at org.junit.runners.ParentRunner$1.schedule(ParentRunner.java:71)
	at org.junit.runners.ParentRunner.runChildren(ParentRunner.java:288)
	at org.junit.runners.ParentRunner.access$000(ParentRunner.java:58)
	at org.junit.runners.ParentRunner$2.evaluate(ParentRunner.java:268)
	at org.junit.runners.ParentRunner.run(ParentRunner.java:363)
	at org.apache.maven.surefire.junit4.JUnit4Provider.execute(JUnit4Provider.java:252)
	at org.apache.maven.surefire.junit4.JUnit4Provider.executeTestSet(JUnit4Provider.java:141)
	at org.apache.maven.surefire.junit4.JUnit4Provider.invoke(JUnit4Provider.java:112)
	at java.base/jdk.internal.reflect.NativeMethodAccessorImpl.invoke0(Native Method)
	at java.base/jdk.internal.reflect.NativeMethodAccessorImpl.invoke(NativeMethodAccessorImpl.java:62)
	at java.base/jdk.internal.reflect.DelegatingMethodAccessorImpl.invoke(DelegatingMethodAccessorImpl.java:43)
	at java.base/java.lang.reflect.Method.invoke(Method.java:566)
	at org.apache.maven.surefire.util.ReflectionUtils.invokeMethodWithArray(ReflectionUtils.java:189)
	at org.apache.maven.surefire.booter.ProviderFactory$ProviderProxy.invoke(ProviderFactory.java:165)
	at org.apache.maven.surefire.booter.ProviderFactory.invokeProvider(ProviderFactory.java:85)
	at org.apache.maven.surefire.booter.ForkedBooter.runSuitesInProcess(ForkedBooter.java:115)
	at org.apache.maven.surefire.booter.ForkedBooter.main(ForkedBooter.java:75)
</system-err>
  </testcase>
</testsuite>