<?xml version="1.0" encoding="UTF-8" ?>
<testsuite tests="2" failures="0" name="de.hsmainz.cs.semgis.arqextension.test.raster.relation.GreaterIntersectsTest" time="0" errors="2" skipped="0">
  <properties>
[...]
</properties>
  <testcase classname="de.hsmainz.cs.semgis.arqextension.test.raster.relation.GreaterIntersectsTest" name="testGreaterIntersects" time="0">
    <error message="Could not initialize class io.github.galbiston.geosparql_jena.implementation.SRSInfo" type="java.lang.NoClassDefFoundError">java.lang.NoClassDefFoundError: Could not initialize class io.github.galbiston.geosparql_jena.implementation.SRSInfo
	at io.github.galbiston.geosparql_jena.implementation.registry.SRSRegistry.storeSRS(SRSRegistry.java:73)
	at io.github.galbiston.geosparql_jena.implementation.registry.SRSRegistry.getSRSInfo(SRSRegistry.java:61)
	at io.github.galbiston.geosparql_jena.implementation.datatype.raster.CoverageWrapper.&lt;init&gt;(CoverageWrapper.java:139)
	at io.github.galbiston.geosparql_jena.implementation.datatype.raster.CoverageWrapper.&lt;init&gt;(CoverageWrapper.java:118)
	at io.github.galbiston.geosparql_jena.implementation.datatype.raster.CoverageWrapper.&lt;init&gt;(CoverageWrapper.java:106)
	at io.github.galbiston.geosparql_jena.implementation.datatype.raster.CoverageWrapper.&lt;init&gt;(CoverageWrapper.java:152)
	at io.github.galbiston.geosparql_jena.implementation.datatype.raster.HexWKBRastDatatype.read(HexWKBRastDatatype.java:56)
	at io.github.galbiston.geosparql_jena.implementation.index.GeometryLiteralIndex.retrieveMemoryIndex(GeometryLiteralIndex.java:121)
	at io.github.galbiston.geosparql_jena.implementation.index.GeometryLiteralIndex.retrieve(GeometryLiteralIndex.java:71)
	at io.github.galbiston.geosparql_jena.implementation.datatype.RasterDataType.parse(RasterDataType.java:39)
	at io.github.galbiston.geosparql_jena.implementation.datatype.RasterDataType.parse(RasterDataType.java:32)
	at io.github.galbiston.geosparql_jena.implementation.datatype.RasterDataType.parse(RasterDataType.java:14)
	at org.apache.jena.graph.impl.LiteralLabelImpl.setValue(LiteralLabelImpl.java:217)
	at org.apache.jena.graph.impl.LiteralLabelImpl.setLiteralLabel_1(LiteralLabelImpl.java:111)
	at org.apache.jena.graph.impl.LiteralLabelImpl.&lt;init&gt;(LiteralLabelImpl.java:100)
	at org.apache.jena.graph.impl.LiteralLabelFactory.create(LiteralLabelFactory.java:50)
	at org.apache.jena.graph.NodeFactory.createLiteral(NodeFactory.java:171)
	at org.apache.jena.sparql.expr.NodeValue.makeNode(NodeValue.java:258)
	at de.hsmainz.cs.semgis.arqextension.test.raster.relation.GreaterIntersectsTest.testGreaterIntersects(GreaterIntersectsTest.java:20)
	at java.base/jdk.internal.reflect.NativeMethodAccessorImpl.invoke0(Native Method)
	at java.base/jdk.internal.reflect.NativeMethodAccessorImpl.invoke(NativeMethodAccessorImpl.java:62)
	at java.base/jdk.internal.reflect.DelegatingMethodAccessorImpl.invoke(DelegatingMethodAccessorImpl.java:43)
	at java.base/java.lang.reflect.Method.invoke(Method.java:566)
	at org.junit.runners.model.FrameworkMethod$1.runReflectiveCall(FrameworkMethod.java:50)
	at org.junit.internal.runners.model.ReflectiveCallable.run(ReflectiveCallable.java:12)
	at org.junit.runners.model.FrameworkMethod.invokeExplosively(FrameworkMethod.java:47)
	at org.junit.internal.runners.statements.InvokeMethod.evaluate(InvokeMethod.java:17)
	at org.junit.runners.ParentRunner.runLeaf(ParentRunner.java:325)
	at org.junit.runners.BlockJUnit4ClassRunner.runChild(BlockJUnit4ClassRunner.java:78)
	at org.junit.runners.BlockJUnit4ClassRunner.runChild(BlockJUnit4ClassRunner.java:57)
	at org.junit.runners.ParentRunner$3.run(ParentRunner.java:290)
	at org.junit.runners.ParentRunner$1.schedule(ParentRunner.java:71)
	at org.junit.runners.ParentRunner.runChildren(ParentRunner.java:288)
	at org.junit.runners.ParentRunner.access$000(ParentRunner.java:58)
	at org.junit.runners.ParentRunner$2.evaluate(ParentRunner.java:268)
	at org.junit.runners.ParentRunner.run(ParentRunner.java:363)
	at org.apache.maven.surefire.junit4.JUnit4Provider.execute(JUnit4Provider.java:252)
	at org.apache.maven.surefire.junit4.JUnit4Provider.executeTestSet(JUnit4Provider.java:141)
	at org.apache.maven.surefire.junit4.JUnit4Provider.invoke(JUnit4Provider.java:112)
	at java.base/jdk.internal.reflect.NativeMethodAccessorImpl.invoke0(Native Method)
	at java.base/jdk.internal.reflect.NativeMethodAccessorImpl.invoke(NativeMethodAccessorImpl.java:62)
	at java.base/jdk.internal.reflect.DelegatingMethodAccessorImpl.invoke(DelegatingMethodAccessorImpl.java:43)
	at java.base/java.lang.reflect.Method.invoke(Method.java:566)
	at org.apache.maven.surefire.util.ReflectionUtils.invokeMethodWithArray(ReflectionUtils.java:189)
	at org.apache.maven.surefire.booter.ProviderFactory$ProviderProxy.invoke(ProviderFactory.java:165)
	at org.apache.maven.surefire.booter.ProviderFactory.invokeProvider(ProviderFactory.java:85)
	at org.apache.maven.surefire.booter.ForkedBooter.runSuitesInProcess(ForkedBooter.java:115)
	at org.apache.maven.surefire.booter.ForkedBooter.main(ForkedBooter.java:75)
</error>
    <system-err>java.io.FileNotFoundException: wkb.bin (The system cannot find the file specified)
	at java.base/java.io.FileInputStream.open0(Native Method)
	at java.base/java.io.FileInputStream.open(FileInputStream.java:219)
	at java.base/java.io.FileInputStream.&lt;init&gt;(FileInputStream.java:157)
	at java.base/java.io.FileInputStream.&lt;init&gt;(FileInputStream.java:112)
	at de.hsmainz.cs.semgis.arqextension.test.util.SampleRasters.&lt;init&gt;(SampleRasters.java:111)
	at de.hsmainz.cs.semgis.arqextension.test.raster.relation.GreaterIntersectsTest.&lt;init&gt;(GreaterIntersectsTest.java:14)
	at java.base/jdk.internal.reflect.NativeConstructorAccessorImpl.newInstance0(Native Method)
	at java.base/jdk.internal.reflect.NativeConstructorAccessorImpl.newInstance(NativeConstructorAccessorImpl.java:62)
	at java.base/jdk.internal.reflect.DelegatingConstructorAccessorImpl.newInstance(DelegatingConstructorAccessorImpl.java:45)
	at java.base/java.lang.reflect.Constructor.newInstance(Constructor.java:490)
	at org.junit.runners.BlockJUnit4ClassRunner.createTest(BlockJUnit4ClassRunner.java:217)
	at org.junit.runners.BlockJUnit4ClassRunner$1.runReflectiveCall(BlockJUnit4ClassRunner.java:266)
	at org.junit.internal.runners.model.ReflectiveCallable.run(ReflectiveCallable.java:12)
	at org.junit.runners.BlockJUnit4ClassRunner.methodBlock(BlockJUnit4ClassRunner.java:263)
	at org.junit.runners.BlockJUnit4ClassRunner.runChild(BlockJUnit4ClassRunner.java:78)
	at org.junit.runners.BlockJUnit4ClassRunner.runChild(BlockJUnit4ClassRunner.java:57)
	at org.junit.runners.ParentRunner$3.run(ParentRunner.java:290)
	at org.junit.runners.ParentRunner$1.schedule(ParentRunner.java:71)
	at org.junit.runners.ParentRunner.runChildren(ParentRunner.java:288)
	at org.junit.runners.ParentRunner.access$000(ParentRunner.java:58)
	at org.junit.runners.ParentRunner$2.evaluate(ParentRunner.java:268)
	at org.junit.runners.ParentRunner.run(ParentRunner.java:363)
	at org.apache.maven.surefire.junit4.JUnit4Provider.execute(JUnit4Provider.java:252)
	at org.apache.maven.surefire.junit4.JUnit4Provider.executeTestSet(JUnit4Provider.java:141)
	at org.apache.maven.surefire.junit4.JUnit4Provider.invoke(JUnit4Provider.java:112)
	at java.base/jdk.internal.reflect.NativeMethodAccessorImpl.invoke0(Native Method)
	at java.base/jdk.internal.reflect.NativeMethodAccessorImpl.invoke(NativeMethodAccessorImpl.java:62)
	at java.base/jdk.internal.reflect.DelegatingMethodAccessorImpl.invoke(DelegatingMethodAccessorImpl.java:43)
	at java.base/java.lang.reflect.Method.invoke(Method.java:566)
	at org.apache.maven.surefire.util.ReflectionUtils.invokeMethodWithArray(ReflectionUtils.java:189)
	at org.apache.maven.surefire.booter.ProviderFactory$ProviderProxy.invoke(ProviderFactory.java:165)
	at org.apache.maven.surefire.booter.ProviderFactory.invokeProvider(ProviderFactory.java:85)
	at org.apache.maven.surefire.booter.ForkedBooter.runSuitesInProcess(ForkedBooter.java:115)
	at org.apache.maven.surefire.booter.ForkedBooter.main(ForkedBooter.java:75)
</system-err>
  </testcase>
  <testcase classname="de.hsmainz.cs.semgis.arqextension.test.raster.relation.GreaterIntersectsTest" name="testGreaterIntersectsTrue" time="0">
    <error message="Could not initialize class io.github.galbiston.geosparql_jena.implementation.SRSInfo" type="java.lang.NoClassDefFoundError">java.lang.NoClassDefFoundError: Could not initialize class io.github.galbiston.geosparql_jena.implementation.SRSInfo
	at io.github.galbiston.geosparql_jena.implementation.registry.SRSRegistry.storeSRS(SRSRegistry.java:73)
	at io.github.galbiston.geosparql_jena.implementation.registry.SRSRegistry.getSRSInfo(SRSRegistry.java:61)
	at io.github.galbiston.geosparql_jena.implementation.datatype.raster.CoverageWrapper.&lt;init&gt;(CoverageWrapper.java:139)
	at io.github.galbiston.geosparql_jena.implementation.datatype.raster.CoverageWrapper.&lt;init&gt;(CoverageWrapper.java:118)
	at io.github.galbiston.geosparql_jena.implementation.datatype.raster.CoverageWrapper.&lt;init&gt;(CoverageWrapper.java:106)
	at io.github.galbiston.geosparql_jena.implementation.datatype.raster.CoverageWrapper.&lt;init&gt;(CoverageWrapper.java:152)
	at io.github.galbiston.geosparql_jena.implementation.datatype.raster.HexWKBRastDatatype.read(HexWKBRastDatatype.java:56)
	at io.github.galbiston.geosparql_jena.implementation.index.GeometryLiteralIndex.retrieveMemoryIndex(GeometryLiteralIndex.java:121)
	at io.github.galbiston.geosparql_jena.implementation.index.GeometryLiteralIndex.retrieve(GeometryLiteralIndex.java:71)
	at io.github.galbiston.geosparql_jena.implementation.datatype.RasterDataType.parse(RasterDataType.java:39)
	at io.github.galbiston.geosparql_jena.implementation.datatype.RasterDataType.parse(RasterDataType.java:32)
	at io.github.galbiston.geosparql_jena.implementation.datatype.RasterDataType.parse(RasterDataType.java:14)
	at org.apache.jena.graph.impl.LiteralLabelImpl.setValue(LiteralLabelImpl.java:217)
	at org.apache.jena.graph.impl.LiteralLabelImpl.setLiteralLabel_1(LiteralLabelImpl.java:111)
	at org.apache.jena.graph.impl.LiteralLabelImpl.&lt;init&gt;(LiteralLabelImpl.java:100)
	at org.apache.jena.graph.impl.LiteralLabelFactory.create(LiteralLabelFactory.java:50)
	at org.apache.jena.graph.NodeFactory.createLiteral(NodeFactory.java:171)
	at org.apache.jena.sparql.expr.NodeValue.makeNode(NodeValue.java:258)
	at de.hsmainz.cs.semgis.arqextension.test.raster.relation.GreaterIntersectsTest.testGreaterIntersectsTrue(GreaterIntersectsTest.java:32)
	at java.base/jdk.internal.reflect.NativeMethodAccessorImpl.invoke0(Native Method)
	at java.base/jdk.internal.reflect.NativeMethodAccessorImpl.invoke(NativeMethodAccessorImpl.java:62)
	at java.base/jdk.internal.reflect.DelegatingMethodAccessorImpl.invoke(DelegatingMethodAccessorImpl.java:43)
	at java.base/java.lang.reflect.Method.invoke(Method.java:566)
	at org.junit.runners.model.FrameworkMethod$1.runReflectiveCall(FrameworkMethod.java:50)
	at org.junit.internal.runners.model.ReflectiveCallable.run(ReflectiveCallable.java:12)
	at org.junit.runners.model.FrameworkMethod.invokeExplosively(FrameworkMethod.java:47)
	at org.junit.internal.runners.statements.InvokeMethod.evaluate(InvokeMethod.java:17)
	at org.junit.runners.ParentRunner.runLeaf(ParentRunner.java:325)
	at org.junit.runners.BlockJUnit4ClassRunner.runChild(BlockJUnit4ClassRunner.java:78)
	at org.junit.runners.BlockJUnit4ClassRunner.runChild(BlockJUnit4ClassRunner.java:57)
	at org.junit.runners.ParentRunner$3.run(ParentRunner.java:290)
	at org.junit.runners.ParentRunner$1.schedule(ParentRunner.java:71)
	at org.junit.runners.ParentRunner.runChildren(ParentRunner.java:288)
	at org.junit.runners.ParentRunner.access$000(ParentRunner.java:58)
	at org.junit.runners.ParentRunner$2.evaluate(ParentRunner.java:268)
	at org.junit.runners.ParentRunner.run(ParentRunner.java:363)
	at org.apache.maven.surefire.junit4.JUnit4Provider.execute(JUnit4Provider.java:252)
	at org.apache.maven.surefire.junit4.JUnit4Provider.executeTestSet(JUnit4Provider.java:141)
	at org.apache.maven.surefire.junit4.JUnit4Provider.invoke(JUnit4Provider.java:112)
	at java.base/jdk.internal.reflect.NativeMethodAccessorImpl.invoke0(Native Method)
	at java.base/jdk.internal.reflect.NativeMethodAccessorImpl.invoke(NativeMethodAccessorImpl.java:62)
	at java.base/jdk.internal.reflect.DelegatingMethodAccessorImpl.invoke(DelegatingMethodAccessorImpl.java:43)
	at java.base/java.lang.reflect.Method.invoke(Method.java:566)
	at org.apache.maven.surefire.util.ReflectionUtils.invokeMethodWithArray(ReflectionUtils.java:189)
	at org.apache.maven.surefire.booter.ProviderFactory$ProviderProxy.invoke(ProviderFactory.java:165)
	at org.apache.maven.surefire.booter.ProviderFactory.invokeProvider(ProviderFactory.java:85)
	at org.apache.maven.surefire.booter.ForkedBooter.runSuitesInProcess(ForkedBooter.java:115)
	at org.apache.maven.surefire.booter.ForkedBooter.main(ForkedBooter.java:75)
</error>
    <system-err>java.io.FileNotFoundException: wkb.bin (The system cannot find the file specified)
	at java.base/java.io.FileInputStream.open0(Native Method)
	at java.base/java.io.FileInputStream.open(FileInputStream.java:219)
	at java.base/java.io.FileInputStream.&lt;init&gt;(FileInputStream.java:157)
	at java.base/java.io.FileInputStream.&lt;init&gt;(FileInputStream.java:112)
	at de.hsmainz.cs.semgis.arqextension.test.util.SampleRasters.&lt;init&gt;(SampleRasters.java:111)
	at de.hsmainz.cs.semgis.arqextension.test.raster.relation.GreaterIntersectsTest.&lt;init&gt;(GreaterIntersectsTest.java:14)
	at java.base/jdk.internal.reflect.NativeConstructorAccessorImpl.newInstance0(Native Method)
	at java.base/jdk.internal.reflect.NativeConstructorAccessorImpl.newInstance(NativeConstructorAccessorImpl.java:62)
	at java.base/jdk.internal.reflect.DelegatingConstructorAccessorImpl.newInstance(DelegatingConstructorAccessorImpl.java:45)
	at java.base/java.lang.reflect.Constructor.newInstance(Constructor.java:490)
	at org.junit.runners.BlockJUnit4ClassRunner.createTest(BlockJUnit4ClassRunner.java:217)
	at org.junit.runners.BlockJUnit4ClassRunner$1.runReflectiveCall(BlockJUnit4ClassRunner.java:266)
	at org.junit.internal.runners.model.ReflectiveCallable.run(ReflectiveCallable.java:12)
	at org.junit.runners.BlockJUnit4ClassRunner.methodBlock(BlockJUnit4ClassRunner.java:263)
	at org.junit.runners.BlockJUnit4ClassRunner.runChild(BlockJUnit4ClassRunner.java:78)
	at org.junit.runners.BlockJUnit4ClassRunner.runChild(BlockJUnit4ClassRunner.java:57)
	at org.junit.runners.ParentRunner$3.run(ParentRunner.java:290)
	at org.junit.runners.ParentRunner$1.schedule(ParentRunner.java:71)
	at org.junit.runners.ParentRunner.runChildren(ParentRunner.java:288)
	at org.junit.runners.ParentRunner.access$000(ParentRunner.java:58)
	at org.junit.runners.ParentRunner$2.evaluate(ParentRunner.java:268)
	at org.junit.runners.ParentRunner.run(ParentRunner.java:363)
	at org.apache.maven.surefire.junit4.JUnit4Provider.execute(JUnit4Provider.java:252)
	at org.apache.maven.surefire.junit4.JUnit4Provider.executeTestSet(JUnit4Provider.java:141)
	at org.apache.maven.surefire.junit4.JUnit4Provider.invoke(JUnit4Provider.java:112)
	at java.base/jdk.internal.reflect.NativeMethodAccessorImpl.invoke0(Native Method)
	at java.base/jdk.internal.reflect.NativeMethodAccessorImpl.invoke(NativeMethodAccessorImpl.java:62)
	at java.base/jdk.internal.reflect.DelegatingMethodAccessorImpl.invoke(DelegatingMethodAccessorImpl.java:43)
	at java.base/java.lang.reflect.Method.invoke(Method.java:566)
	at org.apache.maven.surefire.util.ReflectionUtils.invokeMethodWithArray(ReflectionUtils.java:189)
	at org.apache.maven.surefire.booter.ProviderFactory$ProviderProxy.invoke(ProviderFactory.java:165)
	at org.apache.maven.surefire.booter.ProviderFactory.invokeProvider(ProviderFactory.java:85)
	at org.apache.maven.surefire.booter.ForkedBooter.runSuitesInProcess(ForkedBooter.java:115)
	at org.apache.maven.surefire.booter.ForkedBooter.main(ForkedBooter.java:75)
</system-err>
  </testcase>
</testsuite>